Build started 2018/6/1 14:00:41.
     1>Project "E:\00 Develop\04 IOT-onenet\03 src\NBIOT\vs2013\NBIOT\IOTModule\IOTModule.vcxproj" on node 2 (Build target(s)).
     1>ClCompile:
         C:\Program Files (x86)\Microsoft Visual Studio 12.0\VC\bin\CL.exe /c /ZI /nologo /W3 /WX- /sdl /Od /Oy- /D COMMONMODULE_EXPORTS /D WIN32 /D DLL_EXPORTS /D _MBCS /D _WINDLL /D _MBCS /Gm /EHsc /RTC1 /MDd /GS /fp:precise /Zc:wchar_t /Zc:forScope /Fo"Debug\\" /Fd"Debug\vc120.pdb" /Gd /TP /analyze- /errorReport:prompt ..\..\..\src\IOTModule\NBIOTUdp.cpp
         NBIOTUdp.cpp
       Link:
         C:\Program Files (x86)\Microsoft Visual Studio 12.0\VC\bin\link.exe /ERRORREPORT:PROMPT /OUT:"E:\00 Develop\04 IOT-onenet\03 src\NBIOT\vs2013\NBIOT\Debug\IOTModule.dll" /INCREMENTAL /NOLOGO kernel32.lib user32.lib gdi32.lib winspool.lib comdlg32.lib advapi32.lib shell32.lib ole32.lib oleaut32.lib uuid.lib odbc32.lib odbccp32.lib /MANIFEST /MANIFESTUAC:"level='asInvoker' uiAccess='false'" /manifest:embed /DEBUG /PDB:"E:\00 Develop\04 IOT-onenet\03 src\NBIOT\vs2013\NBIOT\Debug\IOTModule.pdb" /TLBID:1 /DYNAMICBASE /NXCOMPAT /IMPLIB:"E:\00 Develop\04 IOT-onenet\03 src\NBIOT\vs2013\NBIOT\Debug\IOTModule.lib" /MACHINE:X86 /DLL Debug\AsynSessionObserver.obj
         Debug\Data.obj
         Debug\ErrorHandler.obj
         Debug\Event.obj
         Debug\Exception.obj
         Debug\ExceptionBase.obj
         Debug\IOTModule.obj
         Debug\Mutex.obj
         Debug\NBIOT.obj
         Debug\NBIOTOnenet.obj
         Debug\NBIOTUdp.obj
         Debug\RefCountedObject.obj
         Debug\Runnable.obj
         Debug\SerialPortSession.obj
         Debug\Thread.obj
         IOTModule.vcxproj -> E:\00 Develop\04 IOT-onenet\03 src\NBIOT\vs2013\NBIOT\Debug\IOTModule.dll
     1>Done Building Project "E:\00 Develop\04 IOT-onenet\03 src\NBIOT\vs2013\NBIOT\IOTModule\IOTModule.vcxproj" (Build target(s)).

Build succeeded.

Time Elapsed 00:00:05.54
