e:\04 iot-onenet\03 src\vs2013\nbiot\iotmodule\debug\vc120.pdb
e:\04 iot-onenet\03 src\vs2013\nbiot\iotmodule\debug\vc120.idb
e:\04 iot-onenet\03 src\vs2013\nbiot\iotmodule\debug\asynsessionobserver.obj
e:\04 iot-onenet\03 src\vs2013\nbiot\iotmodule\debug\data.obj
e:\04 iot-onenet\03 src\vs2013\nbiot\iotmodule\debug\errorhandler.obj
e:\04 iot-onenet\03 src\vs2013\nbiot\iotmodule\debug\event.obj
e:\04 iot-onenet\03 src\vs2013\nbiot\iotmodule\debug\exception.obj
e:\04 iot-onenet\03 src\vs2013\nbiot\iotmodule\debug\exceptionbase.obj
e:\04 iot-onenet\03 src\vs2013\nbiot\iotmodule\debug\mutex.obj
e:\04 iot-onenet\03 src\vs2013\nbiot\iotmodule\debug\runnable.obj
e:\04 iot-onenet\03 src\vs2013\nbiot\iotmodule\debug\serialportsession.obj
e:\04 iot-onenet\03 src\vs2013\nbiot\iotmodule\debug\thread.obj
e:\04 iot-onenet\03 src\vs2013\nbiot\iotmodule\debug\iotmodule.obj
e:\04 iot-onenet\03 src\vs2013\nbiot\iotmodule\debug\onenetnbiot.obj
e:\04 iot-onenet\03 src\vs2013\nbiot\debug\iotmodule.lib
e:\04 iot-onenet\03 src\vs2013\nbiot\debug\iotmodule.exp
e:\04 iot-onenet\03 src\vs2013\nbiot\debug\iotmodule.ilk
e:\04 iot-onenet\03 src\vs2013\nbiot\debug\iotmodule.dll
e:\04 iot-onenet\03 src\vs2013\nbiot\debug\iotmodule.pdb
e:\04 iot-onenet\03 src\vs2013\nbiot\iotmodule\debug\iotmodule.tlog\cl.command.1.tlog
e:\04 iot-onenet\03 src\vs2013\nbiot\iotmodule\debug\iotmodule.tlog\cl.read.1.tlog
e:\04 iot-onenet\03 src\vs2013\nbiot\iotmodule\debug\iotmodule.tlog\cl.write.1.tlog
e:\04 iot-onenet\03 src\vs2013\nbiot\iotmodule\debug\iotmodule.tlog\iotmodule.write.1u.tlog
e:\04 iot-onenet\03 src\vs2013\nbiot\iotmodule\debug\iotmodule.tlog\link.command.1.tlog
e:\04 iot-onenet\03 src\vs2013\nbiot\iotmodule\debug\iotmodule.tlog\link.read.1.tlog
e:\04 iot-onenet\03 src\vs2013\nbiot\iotmodule\debug\iotmodule.tlog\link.write.1.tlog
